0:100  0:100  MemLog inited, TSC freq: 4200574480
0:100  0:000  CPU was calibrated without ACPI PM Timer: ACPI I/O space is not enabled., use RTC
0:100  0:000  
0:100  0:000  Now is 2.10.2017,  5:51:10 (GMT)
0:100  0:000  Starting Clover revision: 4233 on American Megatrends EFI
0:100  0:000  Build with: [Args: -D NO_GRUB_DRIVERS_EMBEDDED | -D NO_GRUB_DRIVERS_EMBEDDED -D USE_LOW_EBDA -a X64 -b RELEASE -t XCODE5 -n 5 | OS: 10.12.6 | XCODE: 9.0]
0:100  0:000  SelfDevicePath=PciRoot(0x0)\Pci(0x1D,0x0)\Pci(0x0,0x0)\NVMe(0x1,3D-F4-B1-71-55-38-25-00)\HD(1,GPT,5AE1BE31-0847-4DFB-8970-50873F3EE9F7,0x28,0x64000) @8A229A98
0:100  0:000  SelfDirPath = \EFI\BOOT
0:101  0:000  === [ Get Smbios ] ========================================
0:101  0:000  Type 16 Index = 0
0:101  0:000  Total Memory Slots Count = 4
0:101  0:000  Type 17 Index = 0
0:101  0:000  Ignoring insane frequency value 0MHz
0:101  0:000  SmbiosTable.Type17->Speed = 0MHz
0:101  0:000  SmbiosTable.Type17->Size = 0MB
0:101  0:000  SmbiosTable.Type17->Bank/Device = BANK 0 ChannelA-DIMM1
0:101  0:000  SmbiosTable.Type17->Vendor = <null string>
0:101  0:000  SmbiosTable.Type17->SerialNumber = <null string>
0:101  0:000  SmbiosTable.Type17->PartNumber = <null string>
0:101  0:000  Type 17 Index = 1
0:101  0:000  SmbiosTable.Type17->Speed = 3200MHz
0:101  0:000  SmbiosTable.Type17->Size = 16384MB
0:101  0:000  SmbiosTable.Type17->Bank/Device = BANK 1 ChannelA-DIMM2
0:101  0:000  SmbiosTable.Type17->Vendor = Corsair
0:101  0:000  SmbiosTable.Type17->SerialNumber = 00000000
0:101  0:000  SmbiosTable.Type17->PartNumber = CMR32GX4M2C3200C16  
0:101  0:000  Type 17 Index = 2
0:101  0:000  Ignoring insane frequency value 0MHz
0:101  0:000  SmbiosTable.Type17->Speed = 0MHz
0:101  0:000  SmbiosTable.Type17->Size = 0MB
0:101  0:000  SmbiosTable.Type17->Bank/Device = BANK 2 ChannelB-DIMM1
0:101  0:000  SmbiosTable.Type17->Vendor = <null string>
0:101  0:000  SmbiosTable.Type17->SerialNumber = <null string>
0:101  0:000  SmbiosTable.Type17->PartNumber = <null string>
0:101  0:000  Type 17 Index = 3
0:101  0:000  SmbiosTable.Type17->Speed = 3200MHz
0:101  0:000  SmbiosTable.Type17->Size = 16384MB
0:101  0:000  SmbiosTable.Type17->Bank/Device = BANK 3 ChannelB-DIMM2
0:101  0:000  SmbiosTable.Type17->Vendor = Corsair
0:101  0:000  SmbiosTable.Type17->SerialNumber = 00000000
0:101  0:000  SmbiosTable.Type17->PartNumber = CMR32GX4M2C3200C16  
0:101  0:000  Boot status=0
0:101  0:000  Running on: 'System Product Name' with board 'MAXIMUS IX HERO'
0:101  0:000  === [ GetCPUProperties ] ==================================
0:101  0:000  CPU Vendor = 756E6547 Model=906E9
0:101  0:000   The CPU supported SSE4.1
0:101  0:000  BrandString = Intel(R) Core(TM) i7-7700K CPU @ 4.20GHz
0:101  0:000   The CPU supported turbo
0:101  0:000  MSR 0x35               40008
0:101  0:000   TSC/CCC Information Leaf:
0:101  0:000    numerator     : 350
0:101  0:000    denominator   : 2
0:101  0:000   Calibrated ARTFrequency: 24003282
0:101  0:000  MSR 0xE2 before patch 00000000
0:101  0:000  MSR 0xCE              00080838_F1012A00
0:101  0:000  MSR 0x1A0             00850089
0:101  0:000  corrected FLEX_RATIO = E0000
0:101  0:000  MSR 0x1B0             00000000
0:101  0:000  FSBFrequency = 100 MHz, DMI FSBFrequency = 100 MHz, Corrected FSBFrequency = 100 MHz
0:101  0:000  MaxDiv/MinDiv: 42.0/8
0:101  0:000  Turbo: 45/45/45/45
0:101  0:000  Features: 0xBFEBFBFF
0:101  0:000  Threads: 8
0:101  0:000  Cores: 4
0:101  0:000  FSB: 100 MHz
0:101  0:000  CPU: 4200 MHz
0:101  0:000  TSC: 4200 MHz
0:101  0:000  PIS: 100 MHz
0:101  0:000  ExternalClock: 25 MHz
0:101  0:000  === [ GetDevices ] ========================================
0:101  0:000  PCI (00|00:00.00) : 8086 591F class=060000
0:101  0:000  PCI (00|00:01.00) : 8086 1901 class=060400
0:101  0:000  PCI (00|01:00.00) : 10DE 1B06 class=030000
0:101  0:000   - GFX: Model=Asus GeForce GTX 1080 Ti family 132 (Nvidia)
0:101  0:000  PCI (00|01:00.01) : 10DE 10EF class=040300
0:101  0:000   - HDMI Audio: 
0:101  0:000  PCI (00|00:14.00) : 8086 A2AF class=0C0330
0:101  0:000  PCI (00|00:16.00) : 8086 A2BA class=078000
0:101  0:000  PCI (00|00:17.00) : 8086 A282 class=010601
0:101  0:000  PCI (00|00:1B.00) : 8086 A2E7 class=060400
0:101  0:000  PCI (00|00:1C.00) : 8086 A290 class=060400
0:101  0:000  PCI (00|00:1C.04) : 8086 A294 class=060400
0:101  0:000  PCI (00|04:00.00) : 1B21 2142 class=0C0330
0:101  0:000  PCI (00|00:1C.06) : 8086 A296 class=060400
0:101  0:000  PCI (00|05:00.00) : 1B21 2142 class=0C0330
0:101  0:000  PCI (00|00:1D.00) : 8086 A298 class=060400
0:101  0:000  PCI (00|06:00.00) : 144D A804 class=010802
0:101  0:000  PCI (00|00:1F.00) : 8086 A2C5 class=060100
0:101  0:000  PCI (00|00:1F.02) : 8086 A2A1 class=058000
0:101  0:000  PCI (00|00:1F.03) : 8086 A2F0 class=040300
0:101  0:000  PCI (00|00:1F.04) : 8086 A2A3 class=0C0500
0:101  0:000  PCI (00|00:1F.06) : 8086 15B8 class=020000
0:101  0:000   - LAN: 0 Vendor=Intel
0:101  0:000  === [ GetDefaultSettings ] ================================
0:101  0:000  Clover load options size = 0 bytes
0:103  0:002  EFI\CLOVER\config.plist loaded: Success
0:103  0:000  === [ GetListOfThemes ] ===================================
0:103  0:000  - [00]: dark
0:104  0:000  - [01]: minimal
0:105  0:000  === [ Found config plists ] ===============================
0:105  0:000  - config.plist
0:105  0:000  === [ GetEarlyUserSettings ] ==============================
0:105  0:000  timeout set to 4
0:105  0:000  Custom boot CUSTOM_BOOT_DISABLED (0x0)
0:105  0:000  KextsToPatch: 4 requested
0:105  0:000   - [00]: AppleAHCIPort (External icons patch) :: BinPatch :: data len: 8
0:105  0:000   - patch disabled at config
0:105  0:000   - [01]: AppleIntelSKLGraphicsFramebuffer (10.11-SKL-1912000-4_displays) :: BinPatch :: data len: 4
0:105  0:000   - patch disabled at config
0:105  0:000   - [02]: AppleUSBXHCIPCI (change 15 port limit to 26 in XHCI kext (100-series) 10.12) :: MatchOS: 10.12 :: BinPatch :: data len: 7
0:106  0:000   - [03]: AppleUSBXHCIPCI (Change 15 port limit to 24 in XHCI kext 10.13 PB1) :: MatchOS: 10.13 :: BinPatch :: data len: 4
0:106  0:000  Default theme: minimal
0:106  0:000  Hiding entries with string Recovery HD
0:106  0:000  === [ LoadDrivers ] =======================================
0:106  0:000  Loading OsxFatBinaryDrv-64.efi  status=Success
0:107  0:001  Loading AppleImageCodec-64.efi  status=Success
0:108  0:001  Loading AppleUITheme-64.efi  status=Success
0:110  0:001  Loading DataHubDxe-64.efi  status=Success
0:112  0:002  Loading AppleKeyAggregator-64.efi  status=Success
0:113  0:001  Loading apfs.efi  status=Success
0:115  0:001   - driver needs connecting
0:115  0:000  Loading OsxAptioFix2Drv-64.efi  status=Success
0:116  0:001  Loading VBoxHfs-64.efi  status=Success
0:118  0:001   - driver needs connecting
0:118  0:000  Loading FSInject-64.efi  status=Success
0:119  0:001  Loading FirmwareVolume-64.efi  status=Success
0:120  0:001  Loading EmuVariableUefi-64.efi  status=Success
0:121  0:001  EmuVariableUefi Initialize: VariableCommonInitialize = Success, orig services stored, install gEmuVariableControlProtocolGuid = Success
0:121  0:000  Loading SMCHelper-64.efi  status=Success
0:123  0:001  2 drivers needs connecting ...
0:123  0:000  PlatformDriverOverrideProtocol not found. Installing ... Success
0:123  0:000  APFS driver loaded
0:123  0:000  Searching for invalid DiskIo BY_DRIVER connects: not found, all ok
0:347  0:224  EmuVariable InstallEmulation: orig vars copied, emu.var.services installed, CreateEvent VirtualAddressChange = Success, CreateEvent ExitBootServices = Success, set Status=Success
0:444  0:096  === [ InitScreen ] ========================================
0:444  0:000  Console modes reported: 1, available modes:
0:444  0:000  reinit: self device path=PciRoot(0x0)\Pci(0x1D,0x0)\Pci(0x0,0x0)\NVMe(0x1,3D-F4-B1-71-55-38-25-00)\HD(1,GPT,5AE1BE31-0847-4DFB-8970-50873F3EE9F7,0x28,0x64000)
0:444  0:000  Using embedded font: Success
0:445  0:000  === [ GetMacAddress ] =====================================
0:445  0:000  MAC address of LAN #0= 10:7B:44:A6:6C:E2:
0:445  0:000  === [ ScanSPD ] ===========================================
0:445  0:000  SMBus device : 8086 A2A3 class=0C0500 status=Success
0:445  0:000  SMBus CmdReg: 0x3
0:445  0:000  Scanning SMBus [8086:A2A3], mmio: 0xDF44A004, ioport: 0xF000, hostc: 0x11
0:445  0:000  Slots to scan [8]...
0:446  0:000  SPD[1]: Got invalid type 0 @0x51. Will set page and retry.
0:446  0:000  SPD[1]: Type 12 @0x51
0:464  0:018  XMP Profile1: 5*125 0 ns
0:464  0:000  Found module with XMP version 2.0
0:464  0:000  Using XMP Profile1 instead of standard frequency 3200MHz
0:464  0:000  DDR speed 3200MHz
0:464  0:000  Slot: 1 Type 26 16384MB 3200MHz Vendor=Corsair PartNo=CMR32GX4M2C3200C16 SerialNo=0000000000000000
0:465  0:000  SPD[3]: Type 12 @0x53
0:483  0:018  XMP Profile1: 5*125 0 ns
0:483  0:000  Found module with XMP version 2.0
0:483  0:000  Using XMP Profile1 instead of standard frequency 3200MHz
0:483  0:000  DDR speed 3200MHz
0:483  0:000  Slot: 3 Type 26 16384MB 3200MHz Vendor=Corsair PartNo=CMR32GX4M2C3200C16 SerialNo=0000000000000000
0:484  0:000  === [ GetAcpiTablesList ] =================================
0:484  0:000  Get Acpi Tables List from RSDT:
0:484  0:000   - [00]: FACP  A M I  len=132
0:484  0:000   - [01]: APIC  A M I  len=188
0:484  0:000   - [02]: FPDT  A M I  len=68
0:484  0:000   - [03]: FIDT  A M I len=156
0:484  0:000   - [04]: WSMT  A M I  len=40
0:484  0:000   - [05]: MCFG  A M I  len=60
0:484  0:000   - [06]: SSDT  SataTabl len=931
0:484  0:000   - [07]: SSDT  SaSsdt  len=12662
0:484  0:000   - [08]: SSDT  PegSsdt len=9637
0:484  0:000   - [09]: HPET  KBL len=56
0:484  0:000   - [10]: SSDT  OEM_RTD3 len=36
0:484  0:000   - [11]: SSDT  xh_rvp08 len=2835
0:484  0:000   - [12]: UEFI  A M I  len=66
0:484  0:000   - [13]: SSDT  CpuSsdt len=3806
0:484  0:000   - [14]: LPIT  KBL len=148
0:484  0:000   - [15]: SSDT  HdaDsp len=321
0:484  0:000   - [16]: SSDT  sensrhub len=671
0:484  0:000   - [17]: SSDT  PtidDevc len=12290
0:484  0:000   - [18]: SSDT  TbtTypeC len=1293
0:484  0:000   - [19]: DBGP   len=52
0:484  0:000   - [20]: DBG2   len=84
0:484  0:000   - [21]: DMAR  KBL  len=128
0:484  0:000  Calibrated TSC Frequency = 4200574480 = 4200MHz
0:484  0:000  === [ GetUserSettings ] ===================================
0:484  0:000  USB FixOwnership: yes
0:484  0:000   - final DSDT Fix mask=00400004
0:484  0:000  PatchesDSDT: 1 requested
0:484  0:000   - [00]: (change HECI to IMEI) lenToFind: 4, lenToReplace: 4
0:484  0:000  Using ProductName from config
0:484  0:000  ProductName: iMac18,3
0:484  0:000  Found same BiosVersion in clover and config
0:484  0:000  BiosVersion: IM183.88Z.0151.B00.1708080034
0:484  0:000  BiosReleaseDate: 08/08/2017
0:484  0:000  Using FirmwareFeatures from config
0:484  0:000  FirmwareFeatures: 0xFC0FE136
0:484  0:000  Using FirmwareFeaturesMask from config
0:484  0:000  FirmwareFeaturesMask: 0xFF1FFF3F
0:484  0:000  PlatformFeature: 0x0
0:484  0:000  Board-ID set from config as Mac-BE088AF8C5EB4FA2
0:484  0:000  BoardType: 0xA
0:484  0:000  ChassisType: 0x9
0:485  0:000  === [ ScanVolumes ] =======================================
0:485  0:000  Found 10 volumes with blockIO
0:485  0:000  - [00]: Volume: PciRoot(0x0)\Pci(0x14,0x0)\USB(0x9,0x0)
0:487  0:001          USB volume
0:487  0:000  - [01]: Volume: PciRoot(0x0)\Pci(0x14,0x0)\USB(0x9,0x0)\HD(1,GPT,2B30B7D5-B51B-4B1A-8DAC-0C8FB486B0BC,0x28,0x64000)
0:488  0:001          Result of bootcode detection: bootable unknown (legacy)
0:488  0:000          USB volume
0:494  0:005  - [02]: Volume: PciRoot(0x0)\Pci(0x14,0x0)\USB(0x9,0x0)\HD(2,GPT,7BC83DEB-20F1-4F7D-8211-3BBA3503E811,0x64028,0x3B67FB0)
0:495  0:001          USB volume
0:495  0:000  - [03]: Volume: PciRoot(0x0)\Pci(0x1D,0x0)\Pci(0x0,0x0)\NVMe(0x1,3D-F4-B1-71-55-38-25-00)
0:496  0:000  - [04]: Volume: PciRoot(0x0)\Pci(0x1D,0x0)\Pci(0x0,0x0)\NVMe(0x1,3D-F4-B1-71-55-38-25-00)\HD(1,GPT,5AE1BE31-0847-4DFB-8970-50873F3EE9F7,0x28,0x64000)
0:496  0:000          Result of bootcode detection: bootable unknown (legacy)
0:496  0:000          This is SelfVolume !!
0:496  0:000  - [05]: Volume: PciRoot(0x0)\Pci(0x1D,0x0)\Pci(0x0,0x0)\NVMe(0x1,3D-F4-B1-71-55-38-25-00)\HD(2,GPT,C0C8907E-ECBF-416B-90CB-09481F6FBE84,0x64028,0xEE711260)
0:496  0:000          Result of bootcode detection: bootable unknown (legacy)
0:496  0:000  - [06]: Volume: PciRoot(0x0)\Pci(0x1D,0x0)\Pci(0x0,0x0)\NVMe(0x1,3D-F4-B1-71-55-38-25-00)\HD(2,GPT,C0C8907E-ECBF-416B-90CB-09481F6FBE84,0x64028,0xEE711260)\VenMedia(BE74FCF7-0B7C-49F3-9147-01F4042E6842,3001BEFD1CB7CA469EF171B678F6958A)
0:496  0:000  - [07]: Volume: PciRoot(0x0)\Pci(0x1D,0x0)\Pci(0x0,0x0)\NVMe(0x1,3D-F4-B1-71-55-38-25-00)\HD(2,GPT,C0C8907E-ECBF-416B-90CB-09481F6FBE84,0x64028,0xEE711260)\VenMedia(BE74FCF7-0B7C-49F3-9147-01F4042E6842,055DB137A30EB04E84FE2F55E8986DBD)
0:496  0:000  - [08]: Volume: PciRoot(0x0)\Pci(0x1D,0x0)\Pci(0x0,0x0)\NVMe(0x1,3D-F4-B1-71-55-38-25-00)\HD(2,GPT,C0C8907E-ECBF-416B-90CB-09481F6FBE84,0x64028,0xEE711260)\VenMedia(BE74FCF7-0B7C-49F3-9147-01F4042E6842,D0DB2FAB7FE7044185DA542060A343FB)
0:496  0:000  - [09]: Volume: PciRoot(0x0)\Pci(0x1D,0x0)\Pci(0x0,0x0)\NVMe(0x1,3D-F4-B1-71-55-38-25-00)\HD(2,GPT,C0C8907E-ECBF-416B-90CB-09481F6FBE84,0x64028,0xEE711260)\VenMedia(BE74FCF7-0B7C-49F3-9147-01F4042E6842,0EB56E54BDB8E44E9E94AFC4C23B458E)
0:502  0:005  PutNvramPlistToRtVars: nvram.plist not found
0:502  0:000  === [ InitTheme ] =========================================
0:502  0:000  Using theme 'minimal' (EFI\CLOVER\themes\minimal)
0:502  0:000  OS main and drive as badge
0:503  0:001  Loading font from ThemeDir: Success
0:504  0:000  Choosing theme minimal
0:504  0:000  after NVRAM boot-args=-v -xcpm darkwake=8 nvda_drv=1 kext-dev-mode=1
0:504  0:000  === [ Dump SMC keys from NVRAM ] ==========================
0:504  0:000  found AppleSMC protocol
0:504  0:000  === [ ScanLoader ] ========================================
0:504  0:000  - [01]: 'EFI'
0:510  0:005  - [02]: 'Install macOS High Sierra'
0:516  0:006          AddLoaderEntry for Volume Name=Install macOS High Sierra
0:521  0:004          [!] Icon 13 (icons\vol_external.icns) not found (path: EFI\CLOVER\themes\minimal)
0:521  0:000  Icon 13 decoded, pointer 89804598
0:521  0:000  chosen os 10.13
0:522  0:001  - [04]: 'EFI'
0:524  0:001  - [06]: 'Preboot'
0:534  0:010  - [07]: 'Macintosh HD'
0:534  0:000  - [08]: 'Recovery'
0:543  0:008  - [09]: 'VM'
0:543  0:000  === [ AddCustomTool ] =====================================
0:544  0:000  found tool \EFI\CLOVER\tools\Shell64U.efi
0:544  0:000  Checking EFI partition Volume 1 for Clover
0:560  0:016   Found Clover
0:560  0:000  EmuVariable UninstallEmulation: CloseEvent = Success, original var services restored
0:562  0:001  EmuVariable InstallEmulation: orig vars copied, emu.var.services installed, CreateEvent VirtualAddressChange = Success, CreateEvent ExitBootServices = Success, set Status=Success
0:658  0:096  === [ GetEfiBootDeviceFromNvram ] =========================
0:658  0:000  Default boot entry not found
0:658  0:000  EmuVariable UninstallEmulation: CloseEvent = Success, original var services restored
0:658  0:000  DefaultIndex=-1 and MainMenu.EntryCount=7
4:658  3:999  GUI ready
